0 info it worked if it ends with ok
1 verbose cli [ '/Users/jameshall/.nvm/versions/node/v6.5.0/bin/node',
1 verbose cli   '/Users/jameshall/.nvm/versions/node/v6.5.0/bin/npm',
1 verbose cli   'run',
1 verbose cli   'test' ]
2 info using npm@3.10.3
3 info using node@v6.5.0
4 verbose run-script [ 'pretest', 'test', 'posttest' ]
5 info lifecycle @~pretest: @
6 silly lifecycle @~pretest: no script for pretest, continuing
7 info lifecycle @~test: @
8 verbose lifecycle @~test: unsafe-perm in lifecycle true
9 verbose lifecycle @~test: PATH: /Users/jameshall/.nvm/versions/node/v6.5.0/lib/node_modules/npm/bin/node-gyp-bin:/Users/jameshall/Repos/test-redux-saga/node_modules/.bin:/Users/jameshall/.nvm/versions/node/v6.5.0/bin:/usr/local/heroku/bin:/Users/jameshall/.nvm/versions/node/v6.5.0/bin:/usr/local/Cellar/openvpn/2.3.12/sbin/:/usr/bin:/bin:/usr/sbin:/sbin:/usr/local/bin:/usr/local/git/bin:/Users/jameshall/.rvm/bin
10 verbose lifecycle @~test: CWD: /Users/jameshall/Repos/test-redux-saga
11 silly lifecycle @~test: Args: [ '-c', 'mocha --compilers js:babel-core/register' ]
12 silly lifecycle @~test: Returned: code: 1  signal: null
13 info lifecycle @~test: Failed to exec test script
14 verbose stack Error: @ test: `mocha --compilers js:babel-core/register`
14 verbose stack Exit status 1
14 verbose stack     at EventEmitter.<anonymous> (/Users/jameshall/.nvm/versions/node/v6.5.0/lib/node_modules/npm/lib/utils/lifecycle.js:242:16)
14 verbose stack     at emitTwo (events.js:106:13)
14 verbose stack     at EventEmitter.emit (events.js:191:7)
14 verbose stack     at ChildProcess.<anonymous> (/Users/jameshall/.nvm/versions/node/v6.5.0/lib/node_modules/npm/lib/utils/spawn.js:40:14)
14 verbose stack     at emitTwo (events.js:106:13)
14 verbose stack     at ChildProcess.emit (events.js:191:7)
14 verbose stack     at maybeClose (internal/child_process.js:877:16)
14 verbose stack     at Process.ChildProcess._handle.onexit (internal/child_process.js:226:5)
15 verbose pkgid @
16 verbose cwd /Users/jameshall/Repos/test-redux-saga
17 error Darwin 15.6.0
18 error argv "/Users/jameshall/.nvm/versions/node/v6.5.0/bin/node" "/Users/jameshall/.nvm/versions/node/v6.5.0/bin/npm" "run" "test"
19 error node v6.5.0
20 error npm  v3.10.3
21 error code ELIFECYCLE
22 error @ test: `mocha --compilers js:babel-core/register`
22 error Exit status 1
23 error Failed at the @ test script 'mocha --compilers js:babel-core/register'.
23 error Make sure you have the latest version of node.js and npm installed.
23 error If you do, this is most likely a problem with the  package,
23 error not with npm itself.
23 error Tell the author that this fails on your system:
23 error     mocha --compilers js:babel-core/register
23 error You can get information on how to open an issue for this project with:
23 error     npm bugs
23 error Or if that isn't available, you can get their info via:
23 error     npm owner ls
23 error There is likely additional logging output above.
24 verbose exit [ 1, true ]
